<?xml version="1.0" encoding="UTF-8"?>
<!-- Generated by org.testng.reporters.JUnitReportReporter -->
<testsuite skipped="0" hostname="DESKTOP-TLTBFA0" name="com.qa.tests.PostAPITest" tests="1" failures="0" timestamp="2020-07-27T03:17:17 IST" time="2.472" errors="0">
  <testcase name="postAPITest" time="2.472" classname="com.qa.tests.PostAPITest"/>
  <system-out/>
</testsuite> <!-- com.qa.tests.PostAPITest -->
