<?xml version="1.0" encoding="UTF-8"?>
<!-- Generated by org.testng.reporters.JUnitReportReporter -->
<testsuite skipped="0" hostname="DESKTOP-TLTBFA0" name="com.qa.tests.GetAPITest" tests="2" failures="0" timestamp="2020-07-26T16:00:25 IST" time="4.274" errors="0">
  <testcase name="getRestAPITestWithoutHeaders" time="0.963" classname="com.qa.tests.GetAPITest"/>
  <system-out/>
  <testcase name="getRestAPITestWithHeaders" time="3.311" classname="com.qa.tests.GetAPITest"/>
  <system-out/>
</testsuite> <!-- com.qa.tests.GetAPITest -->
